[2017-09-23 02:03:47] [info] Start Program:
Path:"C:\Users\65486\source\repos\Sudoku\x64\Release\Sudoku.exe"
Arguments:-s C:\Users\65486\Desktop\subject.txt 
Working directory: "C:\Users\65486\source\repos\Sudoku\Sudoku\"
Modules: Selected: C:\Users\65486\source\repos\Sudoku\x64\Release\SudokuTest.dll Excluded: 
Sources: Selected: C:\Users\65486\source\repos\Sudoku\SudokuTest Excluded: 
Log Level: Normal
Cover Children: 0
Aggregate by file: 1
Continue after C++ exception: 0
Optimized build support: 1
Export: Binary C:\Users\65486\AppData\Local\Temp\e0xdds14.c2g 
Input coverage: 
Unified diff: 
Excluded line regular expressions: 

[2017-09-23 02:03:47] [info] Module: C:\Users\65486\source\repos\Sudoku\x64\Release\Sudoku.exe is skipped because it matches no selected patterns
[2017-09-23 02:03:47] [info] Module: C:\Windows\System32\ntdll.dll is skipped because it matches no selected patterns
[2017-09-23 02:03:47] [info] Module: C:\Windows\System32\kernel32.dll is skipped because it matches no selected patterns
[2017-09-23 02:03:47] [info] Module: C:\Windows\System32\KernelBase.dll is skipped because it matches no selected patterns
[2017-09-23 02:03:48] [info] Module: C:\Windows\System32\ucrtbase.dll is skipped because it matches no selected patterns
[2017-09-23 02:03:48] [info] Module: C:\Windows\System32\vcruntime140.dll is skipped because it matches no selected patterns
[2017-09-23 02:03:48] [info] Module: C:\Windows\System32\msvcp140.dll is skipped because it matches no selected patterns
[2017-09-23 02:03:48] [info] Module: C:\Windows\System32\kernel.appcore.dll is skipped because it matches no selected patterns
[2017-09-23 02:03:48] [info] Module: C:\Windows\System32\msvcrt.dll is skipped because it matches no selected patterns
[2017-09-23 02:03:48] [info] Module: C:\Windows\System32\rpcrt4.dll is skipped because it matches no selected patterns
[2017-09-23 02:03:48] [info] ----------------------------------------------------
[2017-09-23 02:03:48] [info] Coverage binary generated in file: C:\Users\65486\AppData\Local\Temp\e0xdds14.c2g
[2017-09-23 02:03:48] [info] ----------------------------------------------------
